<?xml version="1.0" encoding="UTF-8"?>
<!-- Generated by org.testng.reporters.JUnitReportReporter -->
<testsuite skipped="0" hostname="LAPTOP-IVH8QEI5" name="org.testleaf.zoomcar.teatcases.ZoomCarTC001" tests="1" failures="0" timestamp="08 Sep 2019 10:29:26 GMT" time="30.199" errors="0">
  <testcase name="findNameCar" time="30.199" classname="org.testleaf.zoomcar.teatcases.ZoomCarTC001"/>
</testsuite> <!-- org.testleaf.zoomcar.teatcases.ZoomCarTC001 -->
